<?xml version="1.0" encoding="UTF-8"?>
<!-- Generated by org.testng.reporters.JUnitReportReporter -->
<testsuite skipped="0" hostname="Gowtham_S" name="testNg.Login" tests="2" failures="0" timestamp="16 Sep 2024 17:45:39 GMT" time="15.609" errors="0">
  <testcase name="testmain" time="5.822" classname="testNg.Login"/>
  <testcase name="createLead" time="9.787" classname="testNg.Login"/>
</testsuite> <!-- testNg.Login -->
